15-puzzle/openCVSample15puzzle/build/outputs/logs/manifest-merger-debug-report.txt
-- Merging decision tree log ---
manifest
ADDED from src\main\AndroidManifest.xml:2:1-33:12
INJECTED from src\main\AndroidManifest.xml:2:1-33:12
INJECTED from src\main\AndroidManifest.xml:2:1-33:12
INJECTED from src\main\AndroidManifest.xml:2:1-33:12
MERGED from [:openCVLibrary343] AndroidManifest.xml:2:1-11:12
INJECTED from src\main\AndroidManifest.xml:2:1-33:12
INJECTED from src\main\AndroidManifest.xml:2:1-33:12
INJECTED from src\main\AndroidManifest.xml:2:1-33:12
	package
		ADDED from src\main\AndroidManifest.xml:3:5-42
		INJECTED from src\main\AndroidManifest.xml
		INJECTED from src\main\AndroidManifest.xml
	android:versionName
		ADDED from src\main\AndroidManifest.xml:5:5-31
		INJECTED from src\main\AndroidManifest.xml
		INJECTED from src\main\AndroidManifest.xml
	xmlns:android
		ADDED from src\main\AndroidManifest.xml:2:11-69
	android:versionCode
		ADDED from src\main\AndroidManifest.xml:4:5-30
		INJECTED from src\main\AndroidManifest.xml
		INJECTED from src\main\AndroidManifest.xml
application
ADDED from src\main\AndroidManifest.xml:7:5-24:19
	android:label
		ADDED from src\main\AndroidManifest.xml:9:9-41
	android:icon
		ADDED from src\main\AndroidManifest.xml:8:9-38
	android:theme
		ADDED from src\main\AndroidManifest.xml:10:9-67
activity#org.opencv.samples.puzzle15.Puzzle15Activity
ADDED from src\main\AndroidManifest.xml:12:9-23:20
	android:screenOrientation
		ADDED from src\main\AndroidManifest.xml:15:13-50
	android:label
		ADDED from src\main\AndroidManifest.xml:14:13-45
	android:configChanges
		ADDED from src\main\AndroidManifest.xml:16:13-63
	android:name
		ADDED from src\main\AndroidManifest.xml:13:13-45
intent-filter#action:name:android.intent.action.MAIN+category:name:android.intent.category.LAUNCHER
ADDED from src\main\AndroidManifest.xml:18:13-22:29
action#android.intent.action.MAIN
ADDED from src\main\AndroidManifest.xml:19:17-69
	android:name
		ADDED from src\main\AndroidManifest.xml:19:25-66
category#android.intent.category.LAUNCHER
ADDED from src\main\AndroidManifest.xml:21:17-77
	android:name
		ADDED from src\main\AndroidManifest.xml:21:27-74
uses-permission#android.permission.CAMERA
ADDED from src\main\AndroidManifest.xml:26:5-64
	android:name
		ADDED from src\main\AndroidManifest.xml:26:22-62
uses-feature#android.hardware.camera
ADDED from src\main\AndroidManifest.xml:28:5-84
	android:required
		ADDED from src\main\AndroidManifest.xml:28:58-82
	android:name
		ADDED from src\main\AndroidManifest.xml:28:19-57
uses-feature#android.hardware.camera.autofocus
ADDED from src\main\AndroidManifest.xml:29:5-94
	android:required
		ADDED from src\main\AndroidManifest.xml:29:68-92
	android:name
		ADDED from src\main\AndroidManifest.xml:29:19-67
uses-feature#android.hardware.camera.front
ADDED from src\main\AndroidManifest.xml:30:5-90
	android:required
		ADDED from src\main\AndroidManifest.xml:30:64-88
	android:name
		ADDED from src\main\AndroidManifest.xml:30:19-63
uses-feature#android.hardware.camera.front.autofocus
ADDED from src\main\AndroidManifest.xml:31:5-100
	android:required
		ADDED from src\main\AndroidManifest.xml:31:74-98
	android:name
		ADDED from src\main\AndroidManifest.xml:31:19-73
uses-sdk
INJECTED from src\main\AndroidManifest.xml reason: use-sdk injection requested
INJECTED from src\main\AndroidManifest.xml
INJECTED from src\main\AndroidManifest.xml
MERGED from [:openCVLibrary343] AndroidManifest.xml:7:5-9:41
MERGED from [:openCVLibrary343] AndroidManifest.xml:7:5-9:41
INJECTED from src\main\AndroidManifest.xml
INJECTED from src\main\AndroidManifest.xml
	android:targetSdkVersion
		INJECTED from src\main\AndroidManifest.xml
		ADDED from src\main\AndroidManifest.xml
		INJECTED from src\main\AndroidManifest.xml
	android:minSdkVersion
		INJECTED from src\main\AndroidManifest.xml
		ADDED from src\main\AndroidManifest.xml
		INJECTED from src\main\AndroidManifest.xml